<?xml version="1.0" encoding="UTF-8" standalone="no"?>
<testsuite errors="0" failures="1" name="io.cucumber.core.plugin.JUnitFormatter" skipped="0" tests="3" time="54.177">
    <testcase classname="CreateLead functionality of Leaftaps application" name="CreateLead with multiple data" time="23.691">
        <failure message="no such element: Unable to locate element: {&quot;method&quot;:&quot;link text&quot;,&quot;selector&quot;:&quot;Leads&quot;}&#10;  (Session info: MicrosoftEdge=139.0.3405.86)&#10;For documentation on this error, please visit: https://www.selenium.dev/documentation/webdriver/troubleshooting/errors#no-such-element-exception&#10;Build info: version: '4.34.0', revision: '707dcb4246*'&#10;System info: os.name: 'Windows 11', os.arch: 'amd64', os.version: '10.0', java.version: '24'&#10;Driver info: org.openqa.selenium.edge.EdgeDriver&#10;Command: [435a34521a11dfc1e27444e6d859f5b8, findElement {value=Leads, using=link text}]&#10;Capabilities {acceptInsecureCerts: false, browserName: MicrosoftEdge, browserVersion: 139.0.3405.86, fedcm:accounts: true, ms:edgeOptions: {debuggerAddress: localhost:51971}, msedge: {msedgedriverVersion: 139.0.3405.86 (057d25f32fab..., userDataDir: C:\Users\chitr\AppData\Loca...}, networkConnectionEnabled: false, pageLoadStrategy: normal, platformName: windows, proxy: Proxy(), se:cdp: ws://localhost:51971/devtoo..., se:cdpVersion: 139.0.3405.86, setWindowRect: true, strictFileInteractability: false, timeouts: {implicit: 0, pageLoad: 300000, script: 30000}, unhandledPromptBehavior: dismiss and notify, webauthn:extension:credBlob: true, webauthn:extension:largeBlob: true, webauthn:extension:minPinLength: true, webauthn:extension:prf: true, webauthn:virtualAuthenticators: true}&#10;Session ID: 435a34521a11dfc1e27444e6d859f5b8" type="org.openqa.selenium.NoSuchElementException"><![CDATA[And Enter the username as 'Demosalesmanager'................................passed
And Enter the password as 'crmsfa'..........................................passed
When Click on Login button..................................................passed
Then It should be logged in.................................................passed
When Click on the CRMSFA link...............................................passed
And Click on the Leads Link.................................................failed
And Click on the CreateLead link............................................skipped
Given Enter the companyname as "TestLeaf"...................................skipped
And Enter the firstname as "Chitra".........................................skipped
And Enter the lastname as "S"...............................................skipped
When Click on the CreateLead button.........................................skipped
Then Lead should be created.................................................skipped

StackTrace:
org.openqa.selenium.NoSuchElementException: no such element: Unable to locate element: {"method":"link text","selector":"Leads"}
  (Session info: MicrosoftEdge=139.0.3405.86)
For documentation on this error, please visit: https://www.selenium.dev/documentation/webdriver/troubleshooting/errors#no-such-element-exception
Build info: version: '4.34.0', revision: '707dcb4246*'
System info: os.name: 'Windows 11', os.arch: 'amd64', os.version: '10.0', java.version: '24'
Driver info: org.openqa.selenium.edge.EdgeDriver
Command: [435a34521a11dfc1e27444e6d859f5b8, findElement {value=Leads, using=link text}]
Capabilities {acceptInsecureCerts: false, browserName: MicrosoftEdge, browserVersion: 139.0.3405.86, fedcm:accounts: true, ms:edgeOptions: {debuggerAddress: localhost:51971}, msedge: {msedgedriverVersion: 139.0.3405.86 (057d25f32fab..., userDataDir: C:\Users\chitr\AppData\Loca...}, networkConnectionEnabled: false, pageLoadStrategy: normal, platformName: windows, proxy: Proxy(), se:cdp: ws://localhost:51971/devtoo..., se:cdpVersion: 139.0.3405.86, setWindowRect: true, strictFileInteractability: false, timeouts: {implicit: 0, pageLoad: 300000, script: 30000}, unhandledPromptBehavior: dismiss and notify, webauthn:extension:credBlob: true, webauthn:extension:largeBlob: true, webauthn:extension:minPinLength: true, webauthn:extension:prf: true, webauthn:virtualAuthenticators: true}
Session ID: 435a34521a11dfc1e27444e6d859f5b8
	at java.base/jdk.internal.reflect.DirectConstructorHandleAccessor.newInstance(DirectConstructorHandleAccessor.java:62)
	at java.base/java.lang.reflect.Constructor.newInstanceWithCaller(Constructor.java:499)
	at java.base/java.lang.reflect.Constructor.newInstance(Constructor.java:483)
	at org.openqa.selenium.remote.ErrorCodec.decode(ErrorCodec.java:167)
	at org.openqa.selenium.remote.codec.w3c.W3CHttpResponseCodec.decode(W3CHttpResponseCodec.java:138)
	at org.openqa.selenium.remote.codec.w3c.W3CHttpResponseCodec.decode(W3CHttpResponseCodec.java:50)
	at org.openqa.selenium.remote.HttpCommandExecutor.execute(HttpCommandExecutor.java:215)
	at org.openqa.selenium.remote.service.DriverCommandExecutor.invokeExecute(DriverCommandExecutor.java:216)
	at org.openqa.selenium.remote.service.DriverCommandExecutor.execute(DriverCommandExecutor.java:174)
	at org.openqa.selenium.remote.RemoteWebDriver.execute(RemoteWebDriver.java:544)
	at org.openqa.selenium.remote.ElementLocation$ElementFinder$2.findElement(ElementLocation.java:165)
	at org.openqa.selenium.remote.ElementLocation.findElement(ElementLocation.java:59)
	at org.openqa.selenium.remote.RemoteWebDriver.findElement(RemoteWebDriver.java:367)
	at org.openqa.selenium.remote.RemoteWebDriver.findElement(RemoteWebDriver.java:361)
	at steps.CreateLeadDefination.click_on_the_leads_link(CreateLeadDefination.java:24)
	at âœ½.Click on the Leads Link(file:///C:/Projects/WDJuly2025/CucumberProject/src/main/java/features/CreateLead.feature:11)
]]></failure>
    </testcase>
    <testcase classname="Login functionality of Leaftaps application" name="Login function with valid credentials" time="17.231">
        <system-out><![CDATA[And Enter the username as 'Demosalesmanager'................................passed
And Enter the password as 'crmsfa'..........................................passed
When Click on Login button..................................................passed
Then It should be logged in.................................................passed
]]></system-out>
    </testcase>
    <testcase classname="Login functionality of Leaftaps application" name="Login with invalid credentials" time="12.987">
        <system-out><![CDATA[And Enter the username as 'Demo'............................................passed
And Enter the password as 'crm'.............................................passed
When Click on Login button..................................................passed
But It should error message.................................................passed
]]></system-out>
    </testcase>
</testsuite>
