<?xml version="1.0" encoding="UTF-8"?>
<!-- Generated by org.testng.reporters.JUnitReportReporter -->
<testsuite hostname="MSI" failures="0" tests="3" name="runner.RunnerClass" time="106.121" errors="1" timestamp="2025-08-10T21:02:27 CDT" skipped="0">
  <testcase classname="runner.RunnerClass" name="runScenario" time="34.153"/>
  <testcase classname="runner.RunnerClass" name="runScenario" time="25.069"/>
  <testcase classname="runner.RunnerClass" name="runScenario" time="46.899">
    <error message="Expected condition failed: waiting for element to be clickable: By.linkText: Leads (tried for 5 second(s) with 500 milliseconds interval)
Build info: version: &#039;4.34.0&#039;, revision: &#039;707dcb4246*&#039;
System info: os.name: &#039;Windows 11&#039;, os.arch: &#039;amd64&#039;, os.version: &#039;10.0&#039;, java.version: &#039;24&#039;
Driver info: org.openqa.selenium.edge.EdgeDriver
Capabilities {acceptInsecureCerts: false, browserName: MicrosoftEdge, browserVersion: 139.0.3405.86, fedcm:accounts: true, ms:edgeOptions: {debuggerAddress: localhost:54179}, msedge: {msedgedriverVersion: 139.0.3405.86 (057d25f32fab..., userDataDir: C:\Users\chitr\AppData\Loca...}, networkConnectionEnabled: false, pageLoadStrategy: normal, platformName: windows, proxy: Proxy(), se:cdp: ws://localhost:54179/devtoo..., se:cdpVersion: 139.0.3405.86, setWindowRect: true, strictFileInteractability: false, timeouts: {implicit: 0, pageLoad: 300000, script: 30000}, unhandledPromptBehavior: dismiss and notify, webauthn:extension:credBlob: true, webauthn:extension:largeBlob: true, webauthn:extension:minPinLength: true, webauthn:extension:prf: true, webauthn:virtualAuthenticators: true}
Session ID: f1d72a1875bee088fe8af23c079afce3" type="org.openqa.selenium.TimeoutException">
      <![CDATA[org.openqa.selenium.TimeoutException: Expected condition failed: waiting for element to be clickable: By.linkText: Leads (tried for 5 second(s) with 500 milliseconds interval)
Build info: version: '4.34.0', revision: '707dcb4246*'
System info: os.name: 'Windows 11', os.arch: 'amd64', os.version: '10.0', java.version: '24'
Driver info: org.openqa.selenium.edge.EdgeDriver
Capabilities {acceptInsecureCerts: false, browserName: MicrosoftEdge, browserVersion: 139.0.3405.86, fedcm:accounts: true, ms:edgeOptions: {debuggerAddress: localhost:54179}, msedge: {msedgedriverVersion: 139.0.3405.86 (057d25f32fab..., userDataDir: C:\Users\chitr\AppData\Loca...}, networkConnectionEnabled: false, pageLoadStrategy: normal, platformName: windows, proxy: Proxy(), se:cdp: ws://localhost:54179/devtoo..., se:cdpVersion: 139.0.3405.86, setWindowRect: true, strictFileInteractability: false, timeouts: {implicit: 0, pageLoad: 300000, script: 30000}, unhandledPromptBehavior: dismiss and notify, webauthn:extension:credBlob: true, webauthn:extension:largeBlob: true, webauthn:extension:minPinLength: true, webauthn:extension:prf: true, webauthn:virtualAuthenticators: true}
Session ID: f1d72a1875bee088fe8af23c079afce3
at org.openqa.selenium.support.ui.WebDriverWait.timeoutException(WebDriverWait.java:84)
at org.openqa.selenium.support.ui.FluentWait.until(FluentWait.java:228)
at steps.CreateLeadDefination.click_on_the_leads_link(CreateLeadDefination.java:22)
at âœ½.Click on the Leads Link(file:///C:/Projects/WDJuly2025/CucumberProject/src/main/java/features/CreateLead.feature:11)
]]>
    </error>
  </testcase> <!-- runScenario -->
</testsuite> <!-- runner.RunnerClass -->
